Library/Bee/Android/Prj/Mono2x/Gradle/launcher/build/outputs/logs/manifest-merger-release-report.txt
-- Merging decision tree log ---
manifest
ADDED from src\main\AndroidManifest.xml:2:1-5:12
INJECTED from src\main\AndroidManifest.xml:2:1-5:12
INJECTED from src\main\AndroidManifest.xml:2:1-5:12
INJECTED from src\main\AndroidManifest.xml:2:1-5:12
MERGED from [:unityLibrary] AndroidManifest.xml:2:1-70:12
INJECTED from src\main\AndroidManifest.xml:2:1-5:12
INJECTED from src\main\AndroidManifest.xml:2:1-5:12
INJECTED from src\main\AndroidManifest.xml:2:1-5:12
	package
		ADDED from src\main\AndroidManifest.xml:2:70-104
		INJECTED from src\main\AndroidManifest.xml
		INJECTED from src\main\AndroidManifest.xml
	android:versionName
		INJECTED from src\main\AndroidManifest.xml
		ADDED from src\main\AndroidManifest.xml:2:1-5:12
		INJECTED from src\main\AndroidManifest.xml
	xmlns:tools
		ADDED from src\main\AndroidManifest.xml:2:105-151
	android:versionCode
		INJECTED from src\main\AndroidManifest.xml
		ADDED from src\main\AndroidManifest.xml:2:1-5:12
		INJECTED from src\main\AndroidManifest.xml
	xmlns:android
		ADDED from src\main\AndroidManifest.xml:2:11-69
	android:installLocation
		ADDED from src\main\AndroidManifest.xml:2:152-192
application
ADDED from src\main\AndroidManifest.xml:3:3-83
MERGED from [:unityLibrary] AndroidManifest.xml:26:5-68:19
MERGED from [:unityLibrary] AndroidManifest.xml:26:5-68:19
	android:extractNativeLibs
		ADDED from [:unityLibrary] AndroidManifest.xml:26:18-50
	android:label
		ADDED from src\main\AndroidManifest.xml:3:16-48
	android:icon
		ADDED from src\main\AndroidManifest.xml:3:49-80
supports-screens
ADDED from src\main\AndroidManifest.xml:4:3-163
	android:largeScreens
		ADDED from src\main\AndroidManifest.xml:4:78-105
	android:smallScreens
		ADDED from src\main\AndroidManifest.xml:4:21-48
	android:normalScreens
		ADDED from src\main\AndroidManifest.xml:4:49-77
	android:xlargeScreens
		ADDED from src\main\AndroidManifest.xml:4:106-134
	android:anyDensity
		ADDED from src\main\AndroidManifest.xml:4:135-160
uses-sdk
INJECTED from src\main\AndroidManifest.xml reason: use-sdk injection requested
INJECTED from src\main\AndroidManifest.xml
INJECTED from src\main\AndroidManifest.xml
MERGED from [:unityLibrary] AndroidManifest.xml:6:5-8:41
MERGED from [:unityLibrary] AndroidManifest.xml:6:5-8:41
INJECTED from src\main\AndroidManifest.xml
INJECTED from src\main\AndroidManifest.xml
	android:targetSdkVersion
		INJECTED from src\main\AndroidManifest.xml
		ADDED from src\main\AndroidManifest.xml
		INJECTED from src\main\AndroidManifest.xml
	android:minSdkVersion
		INJECTED from src\main\AndroidManifest.xml
		ADDED from src\main\AndroidManifest.xml
		INJECTED from src\main\AndroidManifest.xml
uses-permission#android.permission.INTERNET
ADDED from [:unityLibrary] AndroidManifest.xml:10:5-67
	android:name
		ADDED from [:unityLibrary] AndroidManifest.xml:10:22-64
uses-feature#0x00030000
ADDED from [:unityLibrary] AndroidManifest.xml:12:5-54
	android:glEsVersion
		ADDED from [:unityLibrary] AndroidManifest.xml:12:19-51
uses-feature#android.hardware.vulkan.version
ADDED from [:unityLibrary] AndroidManifest.xml:13:5-15:36
	android:required
		ADDED from [:unityLibrary] AndroidManifest.xml:15:9-33
	android:name
		ADDED from [:unityLibrary] AndroidManifest.xml:14:9-55
uses-feature#android.hardware.touchscreen
ADDED from [:unityLibrary] AndroidManifest.xml:16:5-18:36
	android:required
		ADDED from [:unityLibrary] AndroidManifest.xml:18:9-33
	android:name
		ADDED from [:unityLibrary] AndroidManifest.xml:17:9-52
uses-feature#android.hardware.touchscreen.multitouch
ADDED from [:unityLibrary] AndroidManifest.xml:19:5-21:36
	android:required
		ADDED from [:unityLibrary] AndroidManifest.xml:21:9-33
	android:name
		ADDED from [:unityLibrary] AndroidManifest.xml:20:9-63
uses-feature#android.hardware.touchscreen.multitouch.distinct
ADDED from [:unityLibrary] AndroidManifest.xml:22:5-24:36
	android:required
		ADDED from [:unityLibrary] AndroidManifest.xml:24:9-33
	android:name
		ADDED from [:unityLibrary] AndroidManifest.xml:23:9-72
meta-data#unity.splash-mode
ADDED from [:unityLibrary] AndroidManifest.xml:27:9-29:33
	android:value
		ADDED from [:unityLibrary] AndroidManifest.xml:29:13-30
	android:name
		ADDED from [:unityLibrary] AndroidManifest.xml:28:13-45
meta-data#unity.splash-enable
ADDED from [:unityLibrary] AndroidManifest.xml:30:9-32:36
	android:value
		ADDED from [:unityLibrary] AndroidManifest.xml:32:13-33
	android:name
		ADDED from [:unityLibrary] AndroidManifest.xml:31:13-47
meta-data#unity.launch-fullscreen
ADDED from [:unityLibrary] AndroidManifest.xml:33:9-35:36
	android:value
		ADDED from [:unityLibrary] AndroidManifest.xml:35:13-33
	android:name
		ADDED from [:unityLibrary] AndroidManifest.xml:34:13-51
meta-data#unity.render-outside-safearea
ADDED from [:unityLibrary] AndroidManifest.xml:36:9-38:36
	android:value
		ADDED from [:unityLibrary] AndroidManifest.xml:38:13-33
	android:name
		ADDED from [:unityLibrary] AndroidManifest.xml:37:13-57
meta-data#notch.config
ADDED from [:unityLibrary] AndroidManifest.xml:39:9-41:50
	android:value
		ADDED from [:unityLibrary] AndroidManifest.xml:41:13-47
	android:name
		ADDED from [:unityLibrary] AndroidManifest.xml:40:13-40
meta-data#unity.auto-report-fully-drawn
ADDED from [:unityLibrary] AndroidManifest.xml:42:9-44:36
	android:value
		ADDED from [:unityLibrary] AndroidManifest.xml:44:13-33
	android:name
		ADDED from [:unityLibrary] AndroidManifest.xml:43:13-57
activity#com.unity3d.player.UnityPlayerActivity
ADDED from [:unityLibrary] AndroidManifest.xml:46:9-67:20
	android:screenOrientation
		ADDED from [:unityLibrary] AndroidManifest.xml:53:13-49
	android:launchMode
		ADDED from [:unityLibrary] AndroidManifest.xml:51:13-44
	android:hardwareAccelerated
		ADDED from [:unityLibrary] AndroidManifest.xml:50:13-48
	android:exported
		ADDED from [:unityLibrary] AndroidManifest.xml:49:13-36
	android:resizeableActivity
		ADDED from [:unityLibrary] AndroidManifest.xml:52:13-47
	android:configChanges
		ADDED from [:unityLibrary] AndroidManifest.xml:48:13-194
	android:theme
		ADDED from [:unityLibrary] AndroidManifest.xml:54:13-54
	android:name
		ADDED from [:unityLibrary] AndroidManifest.xml:47:13-66
intent-filter#action:name:android.intent.action.MAIN+category:name:android.intent.category.LAUNCHER
ADDED from [:unityLibrary] AndroidManifest.xml:55:13-59:29
category#android.intent.category.LAUNCHER
ADDED from [:unityLibrary] AndroidManifest.xml:56:17-77
	android:name
		ADDED from [:unityLibrary] AndroidManifest.xml:56:27-74
action#android.intent.action.MAIN
ADDED from [:unityLibrary] AndroidManifest.xml:58:17-69
	android:name
		ADDED from [:unityLibrary] AndroidManifest.xml:58:25-66
meta-data#unityplayer.UnityActivity
ADDED from [:unityLibrary] AndroidManifest.xml:61:13-63:40
	android:value
		ADDED from [:unityLibrary] AndroidManifest.xml:63:17-37
	android:name
		ADDED from [:unityLibrary] AndroidManifest.xml:62:17-57
meta-data#notch_support
ADDED from [:unityLibrary] AndroidManifest.xml:64:13-66:40
	android:value
		ADDED from [:unityLibrary] AndroidManifest.xml:66:17-37
	android:name
		ADDED from [:unityLibrary] AndroidManifest.xml:65:17-45